<?xml version="1.0" encoding="UTF-8"?>
<!-- Generated by org.testng.reporters.JUnitReportReporter -->
<testsuite hostname="Prasad" failures="0" tests="1" name="basic.sample3" time="0.013" errors="0" timestamp="2025-02-01T15:32:03 IST" skipped="0">
  <testcase classname="basic.sample3" name="test" time="0.013"/>
  <system-out/>
</testsuite> <!-- basic.sample3 -->
