<?xml version="1.0" encoding="UTF-8"?>
<!-- Generated by org.testng.reporters.JUnitReportReporter -->
<testsuite hostname="Prasad" failures="0" tests="1" name="testcases.EmployeeRegistsrtionTest" time="2.903" errors="0" timestamp="2024-10-25T15:54:50 IST" skipped="0">
  <testcase classname="testcases.EmployeeRegistsrtionTest" name="checkempreg" time="2.903"/>
</testsuite> <!-- testcases.EmployeeRegistsrtionTest -->
