<?xml version="1.0" encoding="UTF-8"?>
<!-- Generated by org.testng.reporters.JUnitReportReporter -->
<testsuite hostname="Prasad" failures="0" tests="1" name="testcases.AdminloginTestCase" time="3.054" errors="0" timestamp="2024-10-25T15:54:50 IST" skipped="0">
  <testcase classname="testcases.AdminloginTestCase" name="checkadmin" time="3.054"/>
</testsuite> <!-- testcases.AdminloginTestCase -->
